Using pre-set license
Built from '2021.1/release' branch; Version is '2021.1.4f1 (4cd64a618c1b) revision 5035594'; Using compiler version '192528614'; Build Type 'Release'
OS: 'Windows 10 Home; OS build 19042.1237; Version 2009; 64bit' Language: 'en' Physical Memory: 32720 MB
BatchMode: 1, IsHumanControllingUs: 0, StartBugReporterOnCrash: 0, Is64bit: 1, IsPro: 0

 COMMAND LINE ARGUMENTS:
C:\Program Files\Unity\Hub\Editor\2021.1.4f1\Editor\Unity.exe
-adb2
-batchMode
-noUpm
-name
AssetImportWorker0
-projectPath
C:/Users/brian/Documents/Unity Projects/LD49_Black_Ice_Fracture
-logFile
Logs/AssetImportWorker0.log
-srvPort
57697
Successfully changed project path to: C:/Users/brian/Documents/Unity Projects/LD49_Black_Ice_Fracture
C:/Users/brian/Documents/Unity Projects/LD49_Black_Ice_Fracture
Using Asset Import Pipeline V2.
Refreshing native plugins compatible for Editor in 99.09 ms, found 1 plugins.
Preloading 0 native plugins for Editor in 0.00 ms.
Initialize engine version: 2021.1.4f1 (4cd64a618c1b)
[Subsystems] Discovering subsystems at path C:/Program Files/Unity/Hub/Editor/2021.1.4f1/Editor/Data/Resources/UnitySubsystems
[Subsystems] Discovering subsystems at path C:/Users/brian/Documents/Unity Projects/LD49_Black_Ice_Fracture/Assets
GfxDevice: creating device client; threaded=0; jobified=0
Direct3D:
    Version:  Direct3D 11.0 [level 11.1]
    Renderer: NVIDIA GeForce RTX 2070 (ID=0x1f02)
    Vendor:   NVIDIA
    VRAM:     8031 MB
    Driver:   30.0.14.7212
Initialize mono
Mono path[0] = 'C:/Program Files/Unity/Hub/Editor/2021.1.4f1/Editor/Data/Managed'
Mono path[1] = 'C:/Program Files/Unity/Hub/Editor/2021.1.4f1/Editor/Data/MonoBleedingEdge/lib/mono/unityjit'
Mono config path = 'C:/Program Files/Unity/Hub/Editor/2021.1.4f1/Editor/Data/MonoBleedingEdge/etc'
Using monoOptions --debugger-agent=transport=dt_socket,embedding=1,server=y,suspend=n,address=127.0.0.1:56000
Begin MonoManager ReloadAssembly
Registering precompiled unity dll's ...
Register platform support module: C:/Program Files/Unity/Hub/Editor/2021.1.4f1/Editor/Data/PlaybackEngines/WindowsStandaloneSupport/UnityEditor.WindowsStandalone.Extensions.dll
Registered in 0.002661 seconds.
Native extension for WindowsStandalone target not found
Refreshing native plugins compatible for Editor in 104.17 ms, found 1 plugins.
Preloading 0 native plugins for Editor in 0.00 ms.
Mono: successfully reloaded assembly
- Completed reload, in  2.362 seconds
Platform modules already initialized, skipping
Registering precompiled user dll's ...
Registered in 0.004357 seconds.
Begin MonoManager ReloadAssembly
Native extension for WindowsStandalone target not found
Refreshing native plugins compatible for Editor in 104.48 ms, found 1 plugins.
Preloading 0 native plugins for Editor in 0.00 ms.
Mono: successfully reloaded assembly
- Completed reload, in  1.282 seconds
Platform modules already initialized, skipping
========================================================================
Worker process is ready to serve import requests
Shader 'Universal Render Pipeline/Particles/Lit': fallback shader 'Universal Render Pipeline/Particles/SimpleLit' not found
Shader 'Universal Render Pipeline/Particles/Lit': fallback shader 'Universal Render Pipeline/Particles/SimpleLit' not found
Launched and connected shader compiler UnityShaderCompiler.exe after 0.04 seconds
Refreshing native plugins compatible for Editor in 0.72 ms, found 1 plugins.
Preloading 0 native plugins for Editor in 0.00 ms.
Unloading 4009 Unused Serialized files (Serialized files now loaded: 0)
System memory in use before: 160.0 MB.
System memory in use after: 157.3 MB.

Unloading 47 unused Assets to reduce memory usage. Loaded Objects now: 4433.
Total: 3.765100 ms (FindLiveObjects: 0.361700 ms CreateObjectMapping: 0.104500 ms MarkObjects: 2.068400 ms  DeleteObjects: 1.229000 ms)

========================================================================
Received Import Request.
  path: Assets/TextMesh Pro
  artifactKey: Guid(f54d1bd14bd3ca042bd867b519fee8cc) Importer(815301076,1909f56bfc062723c751e8b465ee728b)
Start importing Assets/TextMesh Pro using Guid(f54d1bd14bd3ca042bd867b519fee8cc) Importer(815301076,1909f56bfc062723c751e8b465ee728b)  -> (artifact id: '8883635ef53f4e0d3003bc45c5021984') in 0.012776 seconds 
========================================================================
Received Prepare
Registering precompiled user dll's ...
Registered in 0.004235 seconds.
Begin MonoManager ReloadAssembly
Native extension for WindowsStandalone target not found
Refreshing native plugins compatible for Editor in 0.99 ms, found 1 plugins.
Preloading 0 native plugins for Editor in 0.00 ms.
Mono: successfully reloaded assembly
- Completed reload, in  1.139 seconds
Platform modules already initialized, skipping
Shader 'Universal Render Pipeline/Particles/Lit': fallback shader 'Universal Render Pipeline/Particles/SimpleLit' not found
Shader 'Universal Render Pipeline/Particles/Lit': fallback shader 'Universal Render Pipeline/Particles/SimpleLit' not found
Refreshing native plugins compatible for Editor in 0.85 ms, found 1 plugins.
Preloading 0 native plugins for Editor in 0.00 ms.
Unloading 3919 Unused Serialized files (Serialized files now loaded: 0)
System memory in use before: 154.8 MB.
System memory in use after: 152.2 MB.

Unloading 42 unused Assets to reduce memory usage. Loaded Objects now: 4436.
Total: 5.413900 ms (FindLiveObjects: 0.361200 ms CreateObjectMapping: 0.103400 ms MarkObjects: 3.095700 ms  DeleteObjects: 1.851200 ms)

========================================================================
Received Prepare
Registering precompiled user dll's ...
Registered in 0.004041 seconds.
Begin MonoManager ReloadAssembly
Native extension for WindowsStandalone target not found
Refreshing native plugins compatible for Editor in 1.31 ms, found 1 plugins.
Preloading 0 native plugins for Editor in 0.00 ms.
Mono: successfully reloaded assembly
- Completed reload, in  1.189 seconds
Platform modules already initialized, skipping
Shader 'Universal Render Pipeline/Particles/Lit': fallback shader 'Universal Render Pipeline/Particles/SimpleLit' not found
Shader 'Universal Render Pipeline/Particles/Lit': fallback shader 'Universal Render Pipeline/Particles/SimpleLit' not found
Refreshing native plugins compatible for Editor in 0.90 ms, found 1 plugins.
Preloading 0 native plugins for Editor in 0.00 ms.
Unloading 3919 Unused Serialized files (Serialized files now loaded: 0)
System memory in use before: 154.8 MB.
System memory in use after: 152.2 MB.

Unloading 42 unused Assets to reduce memory usage. Loaded Objects now: 4439.
Total: 3.715800 ms (FindLiveObjects: 0.353700 ms CreateObjectMapping: 0.098600 ms MarkObjects: 2.044600 ms  DeleteObjects: 1.217400 ms)

========================================================================
Received Prepare
Registering precompiled user dll's ...
Registered in 0.004008 seconds.
Begin MonoManager ReloadAssembly
Native extension for WindowsStandalone target not found
Refreshing native plugins compatible for Editor in 0.72 ms, found 1 plugins.
Preloading 0 native plugins for Editor in 0.00 ms.
Mono: successfully reloaded assembly
- Completed reload, in  1.104 seconds
Platform modules already initialized, skipping
Shader 'Universal Render Pipeline/Particles/Lit': fallback shader 'Universal Render Pipeline/Particles/SimpleLit' not found
Shader 'Universal Render Pipeline/Particles/Lit': fallback shader 'Universal Render Pipeline/Particles/SimpleLit' not found
Refreshing native plugins compatible for Editor in 0.75 ms, found 1 plugins.
Preloading 0 native plugins for Editor in 0.00 ms.
Unloading 3919 Unused Serialized files (Serialized files now loaded: 0)
System memory in use before: 154.9 MB.
System memory in use after: 152.3 MB.

Unloading 42 unused Assets to reduce memory usage. Loaded Objects now: 4442.
Total: 3.623600 ms (FindLiveObjects: 0.347700 ms CreateObjectMapping: 0.098800 ms MarkObjects: 1.944500 ms  DeleteObjects: 1.231300 ms)

========================================================================
Received Prepare
Registering precompiled user dll's ...
Registered in 0.004330 seconds.
Begin MonoManager ReloadAssembly
Native extension for WindowsStandalone target not found
Refreshing native plugins compatible for Editor in 0.80 ms, found 1 plugins.
Preloading 0 native plugins for Editor in 0.00 ms.
Mono: successfully reloaded assembly
- Completed reload, in  1.108 seconds
Platform modules already initialized, skipping
Shader 'Universal Render Pipeline/Particles/Lit': fallback shader 'Universal Render Pipeline/Particles/SimpleLit' not found
Shader 'Universal Render Pipeline/Particles/Lit': fallback shader 'Universal Render Pipeline/Particles/SimpleLit' not found
Refreshing native plugins compatible for Editor in 0.76 ms, found 1 plugins.
Preloading 0 native plugins for Editor in 0.00 ms.
Unloading 3919 Unused Serialized files (Serialized files now loaded: 0)
System memory in use before: 154.9 MB.
System memory in use after: 152.3 MB.

Unloading 42 unused Assets to reduce memory usage. Loaded Objects now: 4445.
Total: 3.928800 ms (FindLiveObjects: 0.343300 ms CreateObjectMapping: 0.098800 ms MarkObjects: 2.018000 ms  DeleteObjects: 1.467400 ms)

========================================================================
Received Import Request.
  Time since last request: 442.748455 seconds.
  path: Assets/Prefab/Canvas.prefab
  artifactKey: Guid(2a6af31ebd1717a44b29eab89ff8fd01) Importer(815301076,1909f56bfc062723c751e8b465ee728b)
Start importing Assets/Prefab/Canvas.prefab using Guid(2a6af31ebd1717a44b29eab89ff8fd01) Importer(815301076,1909f56bfc062723c751e8b465ee728b)  -> (artifact id: 'f438e7520031fa70343c9e52228f07b8') in 0.139617 seconds 
========================================================================
Received Import Request.
  Time since last request: 0.491429 seconds.
  path: Assets/Prefab/Number.prefab
  artifactKey: Guid(2a6af31ebd1717a44b29eab89ff8fd01) Importer(815301076,1909f56bfc062723c751e8b465ee728b)
Start importing Assets/Prefab/Number.prefab using Guid(2a6af31ebd1717a44b29eab89ff8fd01) Importer(815301076,1909f56bfc062723c751e8b465ee728b)  -> (artifact id: '2ed36dd7c8e94a8525225344a67ba6f0') in 0.032946 seconds 
========================================================================
Received Prepare
Registering precompiled user dll's ...
Registered in 0.003970 seconds.
Begin MonoManager ReloadAssembly
Native extension for WindowsStandalone target not found
Refreshing native plugins compatible for Editor in 0.74 ms, found 1 plugins.
Preloading 0 native plugins for Editor in 0.00 ms.
Mono: successfully reloaded assembly
- Completed reload, in  1.127 seconds
Platform modules already initialized, skipping
Shader 'Universal Render Pipeline/Particles/Lit': fallback shader 'Universal Render Pipeline/Particles/SimpleLit' not found
Shader 'Universal Render Pipeline/Particles/Lit': fallback shader 'Universal Render Pipeline/Particles/SimpleLit' not found
Refreshing native plugins compatible for Editor in 0.82 ms, found 1 plugins.
Preloading 0 native plugins for Editor in 0.00 ms.
Unloading 3919 Unused Serialized files (Serialized files now loaded: 0)
System memory in use before: 155.0 MB.
System memory in use after: 152.3 MB.

Unloading 42 unused Assets to reduce memory usage. Loaded Objects now: 4448.
Total: 4.035700 ms (FindLiveObjects: 0.366100 ms CreateObjectMapping: 0.112900 ms MarkObjects: 2.252400 ms  DeleteObjects: 1.303000 ms)

========================================================================
Received Prepare
Registering precompiled user dll's ...
Registered in 0.004049 seconds.
Begin MonoManager ReloadAssembly
Native extension for WindowsStandalone target not found
Refreshing native plugins compatible for Editor in 0.75 ms, found 1 plugins.
Preloading 0 native plugins for Editor in 0.00 ms.
Mono: successfully reloaded assembly
- Completed reload, in  1.141 seconds
Platform modules already initialized, skipping
Shader 'Universal Render Pipeline/Particles/Lit': fallback shader 'Universal Render Pipeline/Particles/SimpleLit' not found
Shader 'Universal Render Pipeline/Particles/Lit': fallback shader 'Universal Render Pipeline/Particles/SimpleLit' not found
Refreshing native plugins compatible for Editor in 0.88 ms, found 1 plugins.
Preloading 0 native plugins for Editor in 0.00 ms.
Unloading 3919 Unused Serialized files (Serialized files now loaded: 0)
System memory in use before: 155.0 MB.
System memory in use after: 152.3 MB.

Unloading 42 unused Assets to reduce memory usage. Loaded Objects now: 4451.
Total: 3.893600 ms (FindLiveObjects: 0.342700 ms CreateObjectMapping: 0.101300 ms MarkObjects: 2.005900 ms  DeleteObjects: 1.442300 ms)

========================================================================
Received Prepare
Registering precompiled user dll's ...
Registered in 0.004161 seconds.
Begin MonoManager ReloadAssembly
Native extension for WindowsStandalone target not found
Refreshing native plugins compatible for Editor in 0.73 ms, found 1 plugins.
Preloading 0 native plugins for Editor in 0.00 ms.
Mono: successfully reloaded assembly
- Completed reload, in  1.086 seconds
Platform modules already initialized, skipping
Shader 'Universal Render Pipeline/Particles/Lit': fallback shader 'Universal Render Pipeline/Particles/SimpleLit' not found
Shader 'Universal Render Pipeline/Particles/Lit': fallback shader 'Universal Render Pipeline/Particles/SimpleLit' not found
Refreshing native plugins compatible for Editor in 0.75 ms, found 1 plugins.
Preloading 0 native plugins for Editor in 0.00 ms.
Unloading 3919 Unused Serialized files (Serialized files now loaded: 0)
System memory in use before: 154.9 MB.
System memory in use after: 152.3 MB.

Unloading 42 unused Assets to reduce memory usage. Loaded Objects now: 4454.
Total: 3.702900 ms (FindLiveObjects: 0.349800 ms CreateObjectMapping: 0.098200 ms MarkObjects: 2.006300 ms  DeleteObjects: 1.247200 ms)

========================================================================
Received Prepare
Registering precompiled user dll's ...
Registered in 0.004262 seconds.
Begin MonoManager ReloadAssembly
Native extension for WindowsStandalone target not found
Refreshing native plugins compatible for Editor in 0.75 ms, found 1 plugins.
Preloading 0 native plugins for Editor in 0.00 ms.
Mono: successfully reloaded assembly
- Completed reload, in  1.124 seconds
Platform modules already initialized, skipping
Shader 'Universal Render Pipeline/Particles/Lit': fallback shader 'Universal Render Pipeline/Particles/SimpleLit' not found
Shader 'Universal Render Pipeline/Particles/Lit': fallback shader 'Universal Render Pipeline/Particles/SimpleLit' not found
Refreshing native plugins compatible for Editor in 0.85 ms, found 1 plugins.
Preloading 0 native plugins for Editor in 0.00 ms.
Unloading 3919 Unused Serialized files (Serialized files now loaded: 0)
System memory in use before: 155.0 MB.
System memory in use after: 152.3 MB.

Unloading 42 unused Assets to reduce memory usage. Loaded Objects now: 4457.
Total: 3.861600 ms (FindLiveObjects: 0.352100 ms CreateObjectMapping: 0.096600 ms MarkObjects: 2.140500 ms  DeleteObjects: 1.271000 ms)

========================================================================
Received Prepare
Registering precompiled user dll's ...
Registered in 0.004105 seconds.
Begin MonoManager ReloadAssembly
Native extension for WindowsStandalone target not found
Refreshing native plugins compatible for Editor in 0.72 ms, found 1 plugins.
Preloading 0 native plugins for Editor in 0.00 ms.
Mono: successfully reloaded assembly
- Completed reload, in  1.158 seconds
Platform modules already initialized, skipping
Shader 'Universal Render Pipeline/Particles/Lit': fallback shader 'Universal Render Pipeline/Particles/SimpleLit' not found
Shader 'Universal Render Pipeline/Particles/Lit': fallback shader 'Universal Render Pipeline/Particles/SimpleLit' not found
Refreshing native plugins compatible for Editor in 0.74 ms, found 1 plugins.
Preloading 0 native plugins for Editor in 0.00 ms.
Unloading 3919 Unused Serialized files (Serialized files now loaded: 0)
System memory in use before: 155.0 MB.
System memory in use after: 152.4 MB.

Unloading 42 unused Assets to reduce memory usage. Loaded Objects now: 4460.
Total: 3.821900 ms (FindLiveObjects: 0.369800 ms CreateObjectMapping: 0.100100 ms MarkObjects: 2.061800 ms  DeleteObjects: 1.288700 ms)

========================================================================
Received Prepare
Registering precompiled user dll's ...
Registered in 0.004022 seconds.
Begin MonoManager ReloadAssembly
Native extension for WindowsStandalone target not found
Refreshing native plugins compatible for Editor in 0.92 ms, found 1 plugins.
Preloading 0 native plugins for Editor in 0.00 ms.
Mono: successfully reloaded assembly
- Completed reload, in  1.075 seconds
Platform modules already initialized, skipping
Shader 'Universal Render Pipeline/Particles/Lit': fallback shader 'Universal Render Pipeline/Particles/SimpleLit' not found
Shader 'Universal Render Pipeline/Particles/Lit': fallback shader 'Universal Render Pipeline/Particles/SimpleLit' not found
Refreshing native plugins compatible for Editor in 0.78 ms, found 1 plugins.
Preloading 0 native plugins for Editor in 0.00 ms.
Unloading 3919 Unused Serialized files (Serialized files now loaded: 0)
System memory in use before: 155.0 MB.
System memory in use after: 152.4 MB.

Unloading 42 unused Assets to reduce memory usage. Loaded Objects now: 4463.
Total: 4.635800 ms (FindLiveObjects: 0.365400 ms CreateObjectMapping: 0.101400 ms MarkObjects: 2.680600 ms  DeleteObjects: 1.486700 ms)

========================================================================
Received Prepare
Registering precompiled user dll's ...
Registered in 0.003969 seconds.
Begin MonoManager ReloadAssembly
Native extension for WindowsStandalone target not found
Refreshing native plugins compatible for Editor in 0.79 ms, found 1 plugins.
Preloading 0 native plugins for Editor in 0.00 ms.
Mono: successfully reloaded assembly
- Completed reload, in  1.121 seconds
Platform modules already initialized, skipping
Shader 'Universal Render Pipeline/Particles/Lit': fallback shader 'Universal Render Pipeline/Particles/SimpleLit' not found
Shader 'Universal Render Pipeline/Particles/Lit': fallback shader 'Universal Render Pipeline/Particles/SimpleLit' not found
Refreshing native plugins compatible for Editor in 0.81 ms, found 1 plugins.
Preloading 0 native plugins for Editor in 0.00 ms.
Unloading 3919 Unused Serialized files (Serialized files now loaded: 0)
System memory in use before: 155.0 MB.
System memory in use after: 152.4 MB.

Unloading 42 unused Assets to reduce memory usage. Loaded Objects now: 4466.
Total: 3.905800 ms (FindLiveObjects: 0.357800 ms CreateObjectMapping: 0.104500 ms MarkObjects: 2.147100 ms  DeleteObjects: 1.295100 ms)

========================================================================
Received Prepare
Registering precompiled user dll's ...
Registered in 0.003953 seconds.
Begin MonoManager ReloadAssembly
Native extension for WindowsStandalone target not found
Refreshing native plugins compatible for Editor in 0.73 ms, found 1 plugins.
Preloading 0 native plugins for Editor in 0.00 ms.
Mono: successfully reloaded assembly
- Completed reload, in  1.148 seconds
Platform modules already initialized, skipping
Shader 'Universal Render Pipeline/Particles/Lit': fallback shader 'Universal Render Pipeline/Particles/SimpleLit' not found
Shader 'Universal Render Pipeline/Particles/Lit': fallback shader 'Universal Render Pipeline/Particles/SimpleLit' not found
Refreshing native plugins compatible for Editor in 0.88 ms, found 1 plugins.
Preloading 0 native plugins for Editor in 0.00 ms.
Unloading 3919 Unused Serialized files (Serialized files now loaded: 0)
System memory in use before: 155.0 MB.
System memory in use after: 152.4 MB.

Unloading 42 unused Assets to reduce memory usage. Loaded Objects now: 4469.
Total: 3.770400 ms (FindLiveObjects: 0.347500 ms CreateObjectMapping: 0.102200 ms MarkObjects: 2.052400 ms  DeleteObjects: 1.266700 ms)

========================================================================
Received Prepare
Registering precompiled user dll's ...
Registered in 0.004235 seconds.
Begin MonoManager ReloadAssembly
Native extension for WindowsStandalone target not found
Refreshing native plugins compatible for Editor in 0.78 ms, found 1 plugins.
Preloading 0 native plugins for Editor in 0.00 ms.
Mono: successfully reloaded assembly
- Completed reload, in  1.138 seconds
Platform modules already initialized, skipping
Shader 'Universal Render Pipeline/Particles/Lit': fallback shader 'Universal Render Pipeline/Particles/SimpleLit' not found
Shader 'Universal Render Pipeline/Particles/Lit': fallback shader 'Universal Render Pipeline/Particles/SimpleLit' not found
Refreshing native plugins compatible for Editor in 0.78 ms, found 1 plugins.
Preloading 0 native plugins for Editor in 0.00 ms.
Unloading 3919 Unused Serialized files (Serialized files now loaded: 0)
System memory in use before: 155.0 MB.
System memory in use after: 152.4 MB.

Unloading 42 unused Assets to reduce memory usage. Loaded Objects now: 4472.
Total: 3.816000 ms (FindLiveObjects: 0.403600 ms CreateObjectMapping: 0.102400 ms MarkObjects: 2.025100 ms  DeleteObjects: 1.283800 ms)

========================================================================
Received Prepare
Registering precompiled user dll's ...
Registered in 0.004061 seconds.
Begin MonoManager ReloadAssembly
Native extension for WindowsStandalone target not found
Refreshing native plugins compatible for Editor in 0.75 ms, found 1 plugins.
Preloading 0 native plugins for Editor in 0.00 ms.
Mono: successfully reloaded assembly
- Completed reload, in  1.163 seconds
Platform modules already initialized, skipping
Shader 'Universal Render Pipeline/Particles/Lit': fallback shader 'Universal Render Pipeline/Particles/SimpleLit' not found
Shader 'Universal Render Pipeline/Particles/Lit': fallback shader 'Universal Render Pipeline/Particles/SimpleLit' not found
Refreshing native plugins compatible for Editor in 0.73 ms, found 1 plugins.
Preloading 0 native plugins for Editor in 0.00 ms.
Unloading 3919 Unused Serialized files (Serialized files now loaded: 0)
System memory in use before: 155.0 MB.
System memory in use after: 152.4 MB.

Unloading 42 unused Assets to reduce memory usage. Loaded Objects now: 4475.
Total: 4.614400 ms (FindLiveObjects: 0.358700 ms CreateObjectMapping: 0.101100 ms MarkObjects: 2.822100 ms  DeleteObjects: 1.330900 ms)

========================================================================
Received Import Request.
  Time since last request: 506.762644 seconds.
  path: Assets/Prefab/Number.prefab
  artifactKey: Guid(2a6af31ebd1717a44b29eab89ff8fd01) Importer(815301076,1909f56bfc062723c751e8b465ee728b)
Start importing Assets/Prefab/Number.prefab using Guid(2a6af31ebd1717a44b29eab89ff8fd01) Importer(815301076,1909f56bfc062723c751e8b465ee728b)  -> (artifact id: 'c00b702fbebb7340d60d558fb873fd2c') in 0.147674 seconds 
========================================================================
Received Prepare
Registering precompiled user dll's ...
Registered in 0.004053 seconds.
Begin MonoManager ReloadAssembly
Native extension for WindowsStandalone target not found
Refreshing native plugins compatible for Editor in 0.76 ms, found 1 plugins.
Preloading 0 native plugins for Editor in 0.00 ms.
Mono: successfully reloaded assembly
- Completed reload, in  1.094 seconds
Platform modules already initialized, skipping
Shader 'Universal Render Pipeline/Particles/Lit': fallback shader 'Universal Render Pipeline/Particles/SimpleLit' not found
Shader 'Universal Render Pipeline/Particles/Lit': fallback shader 'Universal Render Pipeline/Particles/SimpleLit' not found
Refreshing native plugins compatible for Editor in 1.22 ms, found 1 plugins.
Preloading 0 native plugins for Editor in 0.00 ms.
Unloading 3919 Unused Serialized files (Serialized files now loaded: 0)
System memory in use before: 155.0 MB.
System memory in use after: 152.4 MB.

Unloading 42 unused Assets to reduce memory usage. Loaded Objects now: 4478.
Total: 4.103800 ms (FindLiveObjects: 0.356400 ms CreateObjectMapping: 0.104400 ms MarkObjects: 2.374500 ms  DeleteObjects: 1.267400 ms)

========================================================================
Received Import Request.
  Time since last request: 3.045548 seconds.
  path: Assets/Prefab/Number.prefab
  artifactKey: Guid(2a6af31ebd1717a44b29eab89ff8fd01) Importer(815301076,1909f56bfc062723c751e8b465ee728b)
Start importing Assets/Prefab/Number.prefab using Guid(2a6af31ebd1717a44b29eab89ff8fd01) Importer(815301076,1909f56bfc062723c751e8b465ee728b)  -> (artifact id: 'e8a0af8b1bdaa8d8bbe2f2d48d941b76') in 0.091760 seconds 
========================================================================
Received Import Request.
  Time since last request: 2.383851 seconds.
  path: Assets/Prefab/Number.prefab
  artifactKey: Guid(2a6af31ebd1717a44b29eab89ff8fd01) Importer(815301076,1909f56bfc062723c751e8b465ee728b)
Start importing Assets/Prefab/Number.prefab using Guid(2a6af31ebd1717a44b29eab89ff8fd01) Importer(815301076,1909f56bfc062723c751e8b465ee728b)  -> (artifact id: '2d6675f2e000ca2d49e15713e8917017') in 0.026502 seconds 
========================================================================
Received Prepare
Registering precompiled user dll's ...
Registered in 0.003975 seconds.
Begin MonoManager ReloadAssembly
Native extension for WindowsStandalone target not found
Refreshing native plugins compatible for Editor in 0.73 ms, found 1 plugins.
Preloading 0 native plugins for Editor in 0.00 ms.
Mono: successfully reloaded assembly
- Completed reload, in  1.118 seconds
Platform modules already initialized, skipping
Shader 'Universal Render Pipeline/Particles/Lit': fallback shader 'Universal Render Pipeline/Particles/SimpleLit' not found
Shader 'Universal Render Pipeline/Particles/Lit': fallback shader 'Universal Render Pipeline/Particles/SimpleLit' not found
Refreshing native plugins compatible for Editor in 0.75 ms, found 1 plugins.
Preloading 0 native plugins for Editor in 0.00 ms.
Unloading 3919 Unused Serialized files (Serialized files now loaded: 0)
System memory in use before: 155.0 MB.
System memory in use after: 152.4 MB.

Unloading 42 unused Assets to reduce memory usage. Loaded Objects now: 4481.
Total: 3.966100 ms (FindLiveObjects: 0.359600 ms CreateObjectMapping: 0.098500 ms MarkObjects: 2.165800 ms  DeleteObjects: 1.340600 ms)

========================================================================
Received Prepare
Registering precompiled user dll's ...
Registered in 0.003922 seconds.
Begin MonoManager ReloadAssembly
Native extension for WindowsStandalone target not found
Refreshing native plugins compatible for Editor in 0.73 ms, found 1 plugins.
Preloading 0 native plugins for Editor in 0.00 ms.
Mono: successfully reloaded assembly
- Completed reload, in  1.134 seconds
Platform modules already initialized, skipping
Shader 'Universal Render Pipeline/Particles/Lit': fallback shader 'Universal Render Pipeline/Particles/SimpleLit' not found
Shader 'Universal Render Pipeline/Particles/Lit': fallback shader 'Universal Render Pipeline/Particles/SimpleLit' not found
Refreshing native plugins compatible for Editor in 0.90 ms, found 1 plugins.
Preloading 0 native plugins for Editor in 0.00 ms.
Unloading 3919 Unused Serialized files (Serialized files now loaded: 0)
System memory in use before: 155.0 MB.
System memory in use after: 152.4 MB.

Unloading 42 unused Assets to reduce memory usage. Loaded Objects now: 4484.
Total: 5.044500 ms (FindLiveObjects: 0.745600 ms CreateObjectMapping: 0.172200 ms MarkObjects: 2.500300 ms  DeleteObjects: 1.624500 ms)

========================================================================
Received Import Request.
  Time since last request: 110.088045 seconds.
  path: Assets/Prefab/Number.prefab
  artifactKey: Guid(2a6af31ebd1717a44b29eab89ff8fd01) Importer(815301076,1909f56bfc062723c751e8b465ee728b)
Start importing Assets/Prefab/Number.prefab using Guid(2a6af31ebd1717a44b29eab89ff8fd01) Importer(815301076,1909f56bfc062723c751e8b465ee728b)  -> (artifact id: '98e4b450f704e667a7c479292bc0934e') in 0.104397 seconds 
========================================================================
Received Import Request.
  Time since last request: 2.089872 seconds.
  path: Assets/Prefab/Number.prefab
  artifactKey: Guid(2a6af31ebd1717a44b29eab89ff8fd01) Importer(815301076,1909f56bfc062723c751e8b465ee728b)
Start importing Assets/Prefab/Number.prefab using Guid(2a6af31ebd1717a44b29eab89ff8fd01) Importer(815301076,1909f56bfc062723c751e8b465ee728b)  -> (artifact id: 'db91d2d986eea447fdc40bbe298c21f5') in 0.025956 seconds 
========================================================================
Received Prepare
Registering precompiled user dll's ...
Registered in 0.005494 seconds.
Begin MonoManager ReloadAssembly
Native extension for WindowsStandalone target not found
Refreshing native plugins compatible for Editor in 0.80 ms, found 1 plugins.
Preloading 0 native plugins for Editor in 0.00 ms.
Mono: successfully reloaded assembly
- Completed reload, in  1.125 seconds
Platform modules already initialized, skipping
Shader 'Universal Render Pipeline/Particles/Lit': fallback shader 'Universal Render Pipeline/Particles/SimpleLit' not found
Shader 'Universal Render Pipeline/Particles/Lit': fallback shader 'Universal Render Pipeline/Particles/SimpleLit' not found
Refreshing native plugins compatible for Editor in 0.73 ms, found 1 plugins.
Preloading 0 native plugins for Editor in 0.00 ms.
Unloading 3919 Unused Serialized files (Serialized files now loaded: 0)
System memory in use before: 155.0 MB.
System memory in use after: 152.4 MB.

Unloading 42 unused Assets to reduce memory usage. Loaded Objects now: 4487.
Total: 4.539900 ms (FindLiveObjects: 0.408000 ms CreateObjectMapping: 0.113200 ms MarkObjects: 2.687300 ms  DeleteObjects: 1.329600 ms)

========================================================================
Received Prepare
Registering precompiled user dll's ...
Registered in 0.004903 seconds.
Begin MonoManager ReloadAssembly
Native extension for WindowsStandalone target not found
Refreshing native plugins compatible for Editor in 0.74 ms, found 1 plugins.
Preloading 0 native plugins for Editor in 0.00 ms.
Mono: successfully reloaded assembly
- Completed reload, in  1.126 seconds
Platform modules already initialized, skipping
Shader 'Universal Render Pipeline/Particles/Lit': fallback shader 'Universal Render Pipeline/Particles/SimpleLit' not found
Shader 'Universal Render Pipeline/Particles/Lit': fallback shader 'Universal Render Pipeline/Particles/SimpleLit' not found
Refreshing native plugins compatible for Editor in 0.74 ms, found 1 plugins.
Preloading 0 native plugins for Editor in 0.00 ms.
Unloading 3919 Unused Serialized files (Serialized files now loaded: 0)
System memory in use before: 155.0 MB.
System memory in use after: 152.4 MB.

Unloading 42 unused Assets to reduce memory usage. Loaded Objects now: 4490.
Total: 4.885500 ms (FindLiveObjects: 0.413100 ms CreateObjectMapping: 0.102400 ms MarkObjects: 2.682100 ms  DeleteObjects: 1.685700 ms)

========================================================================
Received Prepare
Registering precompiled user dll's ...
Registered in 0.004029 seconds.
Begin MonoManager ReloadAssembly
Native extension for WindowsStandalone target not found
Refreshing native plugins compatible for Editor in 0.73 ms, found 1 plugins.
Preloading 0 native plugins for Editor in 0.00 ms.
Mono: successfully reloaded assembly
- Completed reload, in  1.127 seconds
Platform modules already initialized, skipping
Shader 'Universal Render Pipeline/Particles/Lit': fallback shader 'Universal Render Pipeline/Particles/SimpleLit' not found
Shader 'Universal Render Pipeline/Particles/Lit': fallback shader 'Universal Render Pipeline/Particles/SimpleLit' not found
Refreshing native plugins compatible for Editor in 0.75 ms, found 1 plugins.
Preloading 0 native plugins for Editor in 0.00 ms.
Unloading 3919 Unused Serialized files (Serialized files now loaded: 0)
System memory in use before: 155.1 MB.
System memory in use after: 152.4 MB.

Unloading 42 unused Assets to reduce memory usage. Loaded Objects now: 4493.
Total: 4.470200 ms (FindLiveObjects: 0.400300 ms CreateObjectMapping: 0.105300 ms MarkObjects: 2.265600 ms  DeleteObjects: 1.697400 ms)

========================================================================
Received Prepare
Registering precompiled user dll's ...
Registered in 0.004416 seconds.
Begin MonoManager ReloadAssembly
Native extension for WindowsStandalone target not found
Refreshing native plugins compatible for Editor in 0.74 ms, found 1 plugins.
Preloading 0 native plugins for Editor in 0.00 ms.
Mono: successfully reloaded assembly
- Completed reload, in  1.132 seconds
Platform modules already initialized, skipping
Shader 'Universal Render Pipeline/Particles/Lit': fallback shader 'Universal Render Pipeline/Particles/SimpleLit' not found
Shader 'Universal Render Pipeline/Particles/Lit': fallback shader 'Universal Render Pipeline/Particles/SimpleLit' not found
Refreshing native plugins compatible for Editor in 0.89 ms, found 1 plugins.
Preloading 0 native plugins for Editor in 0.00 ms.
Unloading 3919 Unused Serialized files (Serialized files now loaded: 0)
System memory in use before: 155.1 MB.
System memory in use after: 152.4 MB.

Unloading 42 unused Assets to reduce memory usage. Loaded Objects now: 4496.
Total: 4.442100 ms (FindLiveObjects: 0.417200 ms CreateObjectMapping: 0.119300 ms MarkObjects: 2.453400 ms  DeleteObjects: 1.450300 ms)

========================================================================
Received Prepare
Registering precompiled user dll's ...
Registered in 0.004075 seconds.
Begin MonoManager ReloadAssembly
Native extension for WindowsStandalone target not found
Refreshing native plugins compatible for Editor in 0.72 ms, found 1 plugins.
Preloading 0 native plugins for Editor in 0.00 ms.
Mono: successfully reloaded assembly
- Completed reload, in  1.096 seconds
Platform modules already initialized, skipping
Shader 'Universal Render Pipeline/Particles/Lit': fallback shader 'Universal Render Pipeline/Particles/SimpleLit' not found
Shader 'Universal Render Pipeline/Particles/Lit': fallback shader 'Universal Render Pipeline/Particles/SimpleLit' not found
Refreshing native plugins compatible for Editor in 0.74 ms, found 1 plugins.
Preloading 0 native plugins for Editor in 0.00 ms.
Unloading 3919 Unused Serialized files (Serialized files now loaded: 0)
System memory in use before: 155.0 MB.
System memory in use after: 152.4 MB.

Unloading 42 unused Assets to reduce memory usage. Loaded Objects now: 4499.
Total: 3.713000 ms (FindLiveObjects: 0.365600 ms CreateObjectMapping: 0.099500 ms MarkObjects: 1.984800 ms  DeleteObjects: 1.261700 ms)

========================================================================
Received Import Request.
  Time since last request: 337.645165 seconds.
  path: Assets/_Scripts/Base.cs
  artifactKey: Guid(303e55d5d34f8ff4d93ca7e079907d74) Importer(815301076,1909f56bfc062723c751e8b465ee728b)
Start importing Assets/_Scripts/Base.cs using Guid(303e55d5d34f8ff4d93ca7e079907d74) Importer(815301076,1909f56bfc062723c751e8b465ee728b)  -> (artifact id: '111661d2cf14aa08a71c5aa1cee6a9f1') in 0.017455 seconds 
========================================================================
Received Prepare
Registering precompiled user dll's ...
Registered in 0.004200 seconds.
Begin MonoManager ReloadAssembly
Native extension for WindowsStandalone target not found
Refreshing native plugins compatible for Editor in 0.74 ms, found 1 plugins.
Preloading 0 native plugins for Editor in 0.00 ms.
Mono: successfully reloaded assembly
- Completed reload, in  1.118 seconds
Platform modules already initialized, skipping
Shader 'Universal Render Pipeline/Particles/Lit': fallback shader 'Universal Render Pipeline/Particles/SimpleLit' not found
Shader 'Universal Render Pipeline/Particles/Lit': fallback shader 'Universal Render Pipeline/Particles/SimpleLit' not found
Refreshing native plugins compatible for Editor in 0.76 ms, found 1 plugins.
Preloading 0 native plugins for Editor in 0.00 ms.
Unloading 3920 Unused Serialized files (Serialized files now loaded: 0)
System memory in use before: 155.1 MB.
System memory in use after: 152.5 MB.

Unloading 42 unused Assets to reduce memory usage. Loaded Objects now: 4503.
Total: 4.987500 ms (FindLiveObjects: 0.508000 ms CreateObjectMapping: 0.126700 ms MarkObjects: 2.986800 ms  DeleteObjects: 1.364500 ms)

========================================================================
Received Import Request.
  Time since last request: 14.716282 seconds.
  path: ProjectSettings/TagManager.asset
  artifactKey: Guid(00000000000000003000000000000000) Importer(815301076,1909f56bfc062723c751e8b465ee728b)
Start importing ProjectSettings/TagManager.asset using Guid(00000000000000003000000000000000) Importer(815301076,1909f56bfc062723c751e8b465ee728b)  -> (artifact id: 'b771611d1461c0e0861627255fdbbdfb') in 0.053088 seconds 
========================================================================
Received Prepare
Registering precompiled user dll's ...
Registered in 0.004493 seconds.
Begin MonoManager ReloadAssembly
Native extension for WindowsStandalone target not found
Refreshing native plugins compatible for Editor in 0.83 ms, found 1 plugins.
Preloading 0 native plugins for Editor in 0.00 ms.
Mono: successfully reloaded assembly
- Completed reload, in  1.115 seconds
Platform modules already initialized, skipping
Shader 'Universal Render Pipeline/Particles/Lit': fallback shader 'Universal Render Pipeline/Particles/SimpleLit' not found
Shader 'Universal Render Pipeline/Particles/Lit': fallback shader 'Universal Render Pipeline/Particles/SimpleLit' not found
Refreshing native plugins compatible for Editor in 0.75 ms, found 1 plugins.
Preloading 0 native plugins for Editor in 0.00 ms.
Unloading 3920 Unused Serialized files (Serialized files now loaded: 0)
System memory in use before: 155.2 MB.
System memory in use after: 152.5 MB.

Unloading 43 unused Assets to reduce memory usage. Loaded Objects now: 4506.
Total: 5.412900 ms (FindLiveObjects: 0.629800 ms CreateObjectMapping: 0.415300 ms MarkObjects: 2.797300 ms  DeleteObjects: 1.569000 ms)

========================================================================
Received Prepare
Registering precompiled user dll's ...
Registered in 0.003986 seconds.
Begin MonoManager ReloadAssembly
Native extension for WindowsStandalone target not found
Refreshing native plugins compatible for Editor in 0.72 ms, found 1 plugins.
Preloading 0 native plugins for Editor in 0.00 ms.
Mono: successfully reloaded assembly
- Completed reload, in  1.110 seconds
Platform modules already initialized, skipping
Shader 'Universal Render Pipeline/Particles/Lit': fallback shader 'Universal Render Pipeline/Particles/SimpleLit' not found
Shader 'Universal Render Pipeline/Particles/Lit': fallback shader 'Universal Render Pipeline/Particles/SimpleLit' not found
Refreshing native plugins compatible for Editor in 0.75 ms, found 1 plugins.
Preloading 0 native plugins for Editor in 0.00 ms.
Unloading 3920 Unused Serialized files (Serialized files now loaded: 0)
System memory in use before: 155.1 MB.
System memory in use after: 152.5 MB.

Unloading 42 unused Assets to reduce memory usage. Loaded Objects now: 4509.
Total: 4.041900 ms (FindLiveObjects: 0.350400 ms CreateObjectMapping: 0.099700 ms MarkObjects: 2.292800 ms  DeleteObjects: 1.297800 ms)

========================================================================
Received Prepare
Registering precompiled user dll's ...
Registered in 0.004334 seconds.
Begin MonoManager ReloadAssembly
Native extension for WindowsStandalone target not found
Refreshing native plugins compatible for Editor in 0.74 ms, found 1 plugins.
Preloading 0 native plugins for Editor in 0.00 ms.
Mono: successfully reloaded assembly
- Completed reload, in  1.118 seconds
Platform modules already initialized, skipping
Shader 'Universal Render Pipeline/Particles/Lit': fallback shader 'Universal Render Pipeline/Particles/SimpleLit' not found
Shader 'Universal Render Pipeline/Particles/Lit': fallback shader 'Universal Render Pipeline/Particles/SimpleLit' not found
Refreshing native plugins compatible for Editor in 0.73 ms, found 1 plugins.
Preloading 0 native plugins for Editor in 0.00 ms.
Unloading 3920 Unused Serialized files (Serialized files now loaded: 0)
System memory in use before: 155.1 MB.
System memory in use after: 152.5 MB.

Unloading 42 unused Assets to reduce memory usage. Loaded Objects now: 4512.
Total: 4.358400 ms (FindLiveObjects: 0.368900 ms CreateObjectMapping: 0.098800 ms MarkObjects: 2.513900 ms  DeleteObjects: 1.375000 ms)

========================================================================
Received Prepare
Registering precompiled user dll's ...
Registered in 0.003964 seconds.
Begin MonoManager ReloadAssembly
Native extension for WindowsStandalone target not found
Refreshing native plugins compatible for Editor in 0.78 ms, found 1 plugins.
Preloading 0 native plugins for Editor in 0.00 ms.
Mono: successfully reloaded assembly
- Completed reload, in  1.137 seconds
Platform modules already initialized, skipping
Shader 'Universal Render Pipeline/Particles/Lit': fallback shader 'Universal Render Pipeline/Particles/SimpleLit' not found
Shader 'Universal Render Pipeline/Particles/Lit': fallback shader 'Universal Render Pipeline/Particles/SimpleLit' not found
Refreshing native plugins compatible for Editor in 0.91 ms, found 1 plugins.
Preloading 0 native plugins for Editor in 0.00 ms.
Unloading 3920 Unused Serialized files (Serialized files now loaded: 0)
System memory in use before: 155.1 MB.
System memory in use after: 152.5 MB.

Unloading 42 unused Assets to reduce memory usage. Loaded Objects now: 4515.
Total: 4.019300 ms (FindLiveObjects: 0.382000 ms CreateObjectMapping: 0.107900 ms MarkObjects: 2.142700 ms  DeleteObjects: 1.385200 ms)

========================================================================
Received Prepare
Registering precompiled user dll's ...
Registered in 0.004125 seconds.
Begin MonoManager ReloadAssembly
Native extension for WindowsStandalone target not found
Refreshing native plugins compatible for Editor in 0.72 ms, found 1 plugins.
Preloading 0 native plugins for Editor in 0.00 ms.
Mono: successfully reloaded assembly
- Completed reload, in  1.090 seconds
Platform modules already initialized, skipping
Shader 'Universal Render Pipeline/Particles/Lit': fallback shader 'Universal Render Pipeline/Particles/SimpleLit' not found
Shader 'Universal Render Pipeline/Particles/Lit': fallback shader 'Universal Render Pipeline/Particles/SimpleLit' not found
Refreshing native plugins compatible for Editor in 0.74 ms, found 1 plugins.
Preloading 0 native plugins for Editor in 0.00 ms.
Unloading 3920 Unused Serialized files (Serialized files now loaded: 0)
System memory in use before: 155.1 MB.
System memory in use after: 152.5 MB.

Unloading 42 unused Assets to reduce memory usage. Loaded Objects now: 4518.
Total: 4.223400 ms (FindLiveObjects: 0.385000 ms CreateObjectMapping: 0.101000 ms MarkObjects: 2.400800 ms  DeleteObjects: 1.334700 ms)

========================================================================
Received Prepare
Registering precompiled user dll's ...
Registered in 0.004065 seconds.
Begin MonoManager ReloadAssembly
Native extension for WindowsStandalone target not found
Refreshing native plugins compatible for Editor in 0.74 ms, found 1 plugins.
Preloading 0 native plugins for Editor in 0.00 ms.
Mono: successfully reloaded assembly
- Completed reload, in  1.096 seconds
Platform modules already initialized, skipping
Shader 'Universal Render Pipeline/Particles/Lit': fallback shader 'Universal Render Pipeline/Particles/SimpleLit' not found
Shader 'Universal Render Pipeline/Particles/Lit': fallback shader 'Universal Render Pipeline/Particles/SimpleLit' not found
Refreshing native plugins compatible for Editor in 0.72 ms, found 1 plugins.
Preloading 0 native plugins for Editor in 0.00 ms.
Unloading 3920 Unused Serialized files (Serialized files now loaded: 0)
System memory in use before: 155.2 MB.
System memory in use after: 152.5 MB.

Unloading 42 unused Assets to reduce memory usage. Loaded Objects now: 4521.
Total: 4.142700 ms (FindLiveObjects: 0.374500 ms CreateObjectMapping: 0.104500 ms MarkObjects: 2.341800 ms  DeleteObjects: 1.320500 ms)

========================================================================
Received Prepare
Registering precompiled user dll's ...
Registered in 0.004101 seconds.
Begin MonoManager ReloadAssembly
Native extension for WindowsStandalone target not found
Refreshing native plugins compatible for Editor in 0.74 ms, found 1 plugins.
Preloading 0 native plugins for Editor in 0.00 ms.
Mono: successfully reloaded assembly
- Completed reload, in  1.123 seconds
Platform modules already initialized, skipping
Shader 'Universal Render Pipeline/Particles/Lit': fallback shader 'Universal Render Pipeline/Particles/SimpleLit' not found
Shader 'Universal Render Pipeline/Particles/Lit': fallback shader 'Universal Render Pipeline/Particles/SimpleLit' not found
Refreshing native plugins compatible for Editor in 0.72 ms, found 1 plugins.
Preloading 0 native plugins for Editor in 0.00 ms.
Unloading 3920 Unused Serialized files (Serialized files now loaded: 0)
System memory in use before: 155.2 MB.
System memory in use after: 152.5 MB.

Unloading 42 unused Assets to reduce memory usage. Loaded Objects now: 4524.
Total: 3.771000 ms (FindLiveObjects: 0.352600 ms CreateObjectMapping: 0.099800 ms MarkObjects: 2.004700 ms  DeleteObjects: 1.312600 ms)

========================================================================
Received Import Request.
  Time since last request: 5003.527126 seconds.
  path: Assets/Materials/ice Skybox.png
  artifactKey: Guid(6594b7dcff2449f48a28f10db5e4e02d) Importer(815301076,1909f56bfc062723c751e8b465ee728b)
Start importing Assets/Materials/ice Skybox.png using Guid(6594b7dcff2449f48a28f10db5e4e02d) Importer(815301076,1909f56bfc062723c751e8b465ee728b)  -> (artifact id: '7701e6b22a21a2f50e3554376742fb53') in 0.542858 seconds 
========================================================================
Received Import Request.
  Time since last request: 15.802363 seconds.
  path: Assets/Materials/ice Skybox.png
  artifactKey: Guid(6594b7dcff2449f48a28f10db5e4e02d) Importer(815301076,1909f56bfc062723c751e8b465ee728b)
Start importing Assets/Materials/ice Skybox.png using Guid(6594b7dcff2449f48a28f10db5e4e02d) Importer(815301076,1909f56bfc062723c751e8b465ee728b)  -> (artifact id: '714b7280ed928e0259071b2f0b49292a') in 0.106669 seconds 
========================================================================
Received Import Request.
  Time since last request: 7.470656 seconds.
  path: Assets/Materials/ice Skybox.png
  artifactKey: Guid(6594b7dcff2449f48a28f10db5e4e02d) Importer(815301076,1909f56bfc062723c751e8b465ee728b)
Start importing Assets/Materials/ice Skybox.png using Guid(6594b7dcff2449f48a28f10db5e4e02d) Importer(815301076,1909f56bfc062723c751e8b465ee728b)  -> (artifact id: 'd5d1d9a42e2fd8b25f399b1fd28b9bfc') in 0.053342 seconds 
========================================================================
Received Import Request.
  Time since last request: 312.224163 seconds.
  path: Assets/Materials/back.png
  artifactKey: Guid(5931d7da2706c214a9115f8e53df435c) Importer(815301076,1909f56bfc062723c751e8b465ee728b)
Start importing Assets/Materials/back.png using Guid(5931d7da2706c214a9115f8e53df435c) Importer(815301076,1909f56bfc062723c751e8b465ee728b)  -> (artifact id: '33e01129915503d614c34496d98b2c4e') in 0.021400 seconds 
========================================================================
Received Import Request.
  Time since last request: 0.546637 seconds.
  path: Assets/Materials/front.png
  artifactKey: Guid(e8cda4a11ab4ef9458ea3217289b262a) Importer(815301076,1909f56bfc062723c751e8b465ee728b)
Start importing Assets/Materials/front.png using Guid(e8cda4a11ab4ef9458ea3217289b262a) Importer(815301076,1909f56bfc062723c751e8b465ee728b)  -> (artifact id: 'a83fed2da090e39bee2ec2740fdd2686') in 0.015190 seconds 
========================================================================
Received Import Request.
  Time since last request: 2.168934 seconds.
  path: Assets/Materials/right.png
  artifactKey: Guid(4e0d7671216cc0d46956039e3226803f) Importer(815301076,1909f56bfc062723c751e8b465ee728b)
Start importing Assets/Materials/right.png using Guid(4e0d7671216cc0d46956039e3226803f) Importer(815301076,1909f56bfc062723c751e8b465ee728b)  -> (artifact id: '1484e15ec74b0f00cd6b164b531b6ffb') in 0.017569 seconds 
========================================================================
Received Import Request.
  Time since last request: 8.589314 seconds.
  path: Assets/Materials/right.png
  artifactKey: Guid(4e0d7671216cc0d46956039e3226803f) Importer(815301076,1909f56bfc062723c751e8b465ee728b)
Start importing Assets/Materials/right.png using Guid(4e0d7671216cc0d46956039e3226803f) Importer(815301076,1909f56bfc062723c751e8b465ee728b)  -> (artifact id: '48d751c265635c053dd17787c192f263') in 0.014786 seconds 
========================================================================
Received Import Request.
  Time since last request: 27.311215 seconds.
  path: Assets/Materials/front.png
  artifactKey: Guid(e8cda4a11ab4ef9458ea3217289b262a) Importer(815301076,1909f56bfc062723c751e8b465ee728b)
Start importing Assets/Materials/front.png using Guid(e8cda4a11ab4ef9458ea3217289b262a) Importer(815301076,1909f56bfc062723c751e8b465ee728b)  -> (artifact id: '036e38d713abcbc68234ac2a8f9dc382') in 0.014779 seconds 
========================================================================
Received Import Request.
  Time since last request: 2.380962 seconds.
  path: Assets/Materials/back.png
  artifactKey: Guid(5931d7da2706c214a9115f8e53df435c) Importer(815301076,1909f56bfc062723c751e8b465ee728b)
Start importing Assets/Materials/back.png using Guid(5931d7da2706c214a9115f8e53df435c) Importer(815301076,1909f56bfc062723c751e8b465ee728b)  -> (artifact id: '167f445d812d44d537552725a0d08d92') in 0.013762 seconds 
========================================================================
Received Import Request.
  Time since last request: 2.496401 seconds.
  path: Assets/Materials/left.png
  artifactKey: Guid(213f9923029e46f4b97aaa01e0baa5c0) Importer(815301076,1909f56bfc062723c751e8b465ee728b)
Start importing Assets/Materials/left.png using Guid(213f9923029e46f4b97aaa01e0baa5c0) Importer(815301076,1909f56bfc062723c751e8b465ee728b)  -> (artifact id: 'da5b2fbc4ba50b6f33ae0f79e322e1f3') in 0.018793 seconds 
========================================================================
Received Import Request.
  Time since last request: 3.200511 seconds.
  path: Assets/Materials/Top.png
  artifactKey: Guid(ce844f73e42f2db47b828bead7c83eef) Importer(815301076,1909f56bfc062723c751e8b465ee728b)
Start importing Assets/Materials/Top.png using Guid(ce844f73e42f2db47b828bead7c83eef) Importer(815301076,1909f56bfc062723c751e8b465ee728b)  -> (artifact id: '0e2f824d231a39b4b6d81b9a2cd59b4f') in 0.015443 seconds 
========================================================================
Received Import Request.
  Time since last request: 110.456939 seconds.
  path: Assets/Materials/bottom.png
  artifactKey: Guid(202f30437f5d9a14ebf511e2f7a659c5) Importer(815301076,1909f56bfc062723c751e8b465ee728b)
Start importing Assets/Materials/bottom.png using Guid(202f30437f5d9a14ebf511e2f7a659c5) Importer(815301076,1909f56bfc062723c751e8b465ee728b)  -> (artifact id: 'f31be6a5b0298fa925a3bf866b08479d') in 0.015980 seconds 
========================================================================
Received Import Request.
  Time since last request: 3.041930 seconds.
  path: Assets/Materials/bottom.png
  artifactKey: Guid(202f30437f5d9a14ebf511e2f7a659c5) Importer(815301076,1909f56bfc062723c751e8b465ee728b)
Start importing Assets/Materials/bottom.png using Guid(202f30437f5d9a14ebf511e2f7a659c5) Importer(815301076,1909f56bfc062723c751e8b465ee728b)  -> (artifact id: '1efd6d3aacab55b5c37d89a9e06bab9d') in 0.010752 seconds 
========================================================================
Received Import Request.
  Time since last request: 42.707944 seconds.
  path: Assets/TextMesh Pro/Fonts/LiberationSans.ttf
  artifactKey: Guid(e3265ab4bf004d28a9537516768c1c75) Importer(815301076,1909f56bfc062723c751e8b465ee728b)
Start importing Assets/TextMesh Pro/Fonts/LiberationSans.ttf using Guid(e3265ab4bf004d28a9537516768c1c75) Importer(815301076,1909f56bfc062723c751e8b465ee728b)  -> (artifact id: '8262d76175b2715d7887b4ebf6ed2289') in 0.241158 seconds 
========================================================================
Received Import Request.
  Time since last request: 0.000245 seconds.
  path: Assets/Materials/Pickup.mat
  artifactKey: Guid(5f7683058dead4c48b97bd0accb245d4) Importer(815301076,1909f56bfc062723c751e8b465ee728b)
Start importing Assets/Materials/Pickup.mat using Guid(5f7683058dead4c48b97bd0accb245d4) Importer(815301076,1909f56bfc062723c751e8b465ee728b)  -> (artifact id: '6f3a9558057e50711cf27bbcb1b366c4') in 0.028701 seconds 
========================================================================
Received Import Request.
  Time since last request: 0.000248 seconds.
  path: Assets/Materials/IceUnlit.mat
  artifactKey: Guid(858330bfaa5afc84289501b37a0bb11f) Importer(815301076,1909f56bfc062723c751e8b465ee728b)
Start importing Assets/Materials/IceUnlit.mat using Guid(858330bfaa5afc84289501b37a0bb11f) Importer(815301076,1909f56bfc062723c751e8b465ee728b)  -> (artifact id: 'd12f13141ede1e05dcdeaef871d56b18') in 0.017412 seconds 
========================================================================
Received Import Request.
  Time since last request: 0.000224 seconds.
  path: Assets/TextMesh Pro/Resources/Fonts & Materials/LiberationSans SDF - Outline.mat
  artifactKey: Guid(79459efec17a4d00a321bdcc27bbc385) Importer(815301076,1909f56bfc062723c751e8b465ee728b)
Start importing Assets/TextMesh Pro/Resources/Fonts & Materials/LiberationSans SDF - Outline.mat using Guid(79459efec17a4d00a321bdcc27bbc385) Importer(815301076,1909f56bfc062723c751e8b465ee728b)  -> (artifact id: '9f1773083558b504c03ebbb7e89c945d') in 0.104144 seconds 
========================================================================
Received Import Request.
  Time since last request: 0.000195 seconds.
  path: Assets/TextMesh Pro/Resources/Fonts & Materials/LiberationSans SDF - Fallback.asset
  artifactKey: Guid(2e498d1c8094910479dc3e1b768306a4) Importer(815301076,1909f56bfc062723c751e8b465ee728b)
Start importing Assets/TextMesh Pro/Resources/Fonts & Materials/LiberationSans SDF - Fallback.asset using Guid(2e498d1c8094910479dc3e1b768306a4) Importer(815301076,1909f56bfc062723c751e8b465ee728b)  -> (artifact id: 'd7647fd52493ffc3d0b7e43ee25a2a47') in 0.038287 seconds 
========================================================================
Received Import Request.
  Time since last request: 0.000261 seconds.
  path: Assets/TextMesh Pro/Resources/Fonts & Materials/LiberationSans SDF - Drop Shadow.mat
  artifactKey: Guid(e73a58f6e2794ae7b1b7e50b7fb811b0) Importer(815301076,1909f56bfc062723c751e8b465ee728b)
Start importing Assets/TextMesh Pro/Resources/Fonts & Materials/LiberationSans SDF - Drop Shadow.mat using Guid(e73a58f6e2794ae7b1b7e50b7fb811b0) Importer(815301076,1909f56bfc062723c751e8b465ee728b)  -> (artifact id: 'c2dde778cde99ccab948923e7c52ff45') in 0.086552 seconds 
========================================================================
Received Import Request.
  Time since last request: 0.000245 seconds.
  path: Assets/TextMesh Pro/Resources/Fonts & Materials/LiberationSans SDF.asset
  artifactKey: Guid(8f586378b4e144a9851e7b34d9b748ee) Importer(815301076,1909f56bfc062723c751e8b465ee728b)
Start importing Assets/TextMesh Pro/Resources/Fonts & Materials/LiberationSans SDF.asset using Guid(8f586378b4e144a9851e7b34d9b748ee) Importer(815301076,1909f56bfc062723c751e8b465ee728b)  -> (artifact id: '80af5eda54cece0fd0531e32cc608c87') in 0.044252 seconds 
========================================================================
Received Import Request.
  Time since last request: 0.000194 seconds.
  path: Assets/Materials/Skybox.mat
  artifactKey: Guid(7c921bfcfe740c84aa4cf19461db69f0) Importer(815301076,1909f56bfc062723c751e8b465ee728b)
Start importing Assets/Materials/Skybox.mat using Guid(7c921bfcfe740c84aa4cf19461db69f0) Importer(815301076,1909f56bfc062723c751e8b465ee728b)  -> (artifact id: 'a3b1231dc2fc1de3850390740ecc7d0e') in 0.039705 seconds 
========================================================================
Received Import Request.
  Time since last request: 0.000240 seconds.
  path: Assets/Materials/Ice.mat
  artifactKey: Guid(62bac15c12288f54db07279b41307ce2) Importer(815301076,1909f56bfc062723c751e8b465ee728b)
Start importing Assets/Materials/Ice.mat using Guid(62bac15c12288f54db07279b41307ce2) Importer(815301076,1909f56bfc062723c751e8b465ee728b)  -> (artifact id: '1504b831444af6547b10497fa5cc5601') in 0.029627 seconds 
========================================================================
Received Import Request.
  Time since last request: 1121.345612 seconds.
  path: Assets/Materials/Skybox
  artifactKey: Guid(c5b6030e9abe06e49bd7c2a5e7c3e56e) Importer(815301076,1909f56bfc062723c751e8b465ee728b)
Start importing Assets/Materials/Skybox using Guid(c5b6030e9abe06e49bd7c2a5e7c3e56e) Importer(815301076,1909f56bfc062723c751e8b465ee728b)  -> (artifact id: '271c94b4674877d92da461312b00bb70') in 0.004254 seconds 
========================================================================
Received Import Request.
  Time since last request: 20.783531 seconds.
  path: Assets/Models
  artifactKey: Guid(6441b50626b35b3479fe1be29490d823) Importer(815301076,1909f56bfc062723c751e8b465ee728b)
Start importing Assets/Models using Guid(6441b50626b35b3479fe1be29490d823) Importer(815301076,1909f56bfc062723c751e8b465ee728b)  -> (artifact id: '720418a2b795a83adeb443e52d4178d4') in 0.009060 seconds 
========================================================================
Received Import Request.
  Time since last request: 40.564130 seconds.
  path: Assets/Prefab/Base.prefab
  artifactKey: Guid(b9f1a017ba7899e469a60487b0227548) Importer(815301076,1909f56bfc062723c751e8b465ee728b)
Start importing Assets/Prefab/Base.prefab using Guid(b9f1a017ba7899e469a60487b0227548) Importer(815301076,1909f56bfc062723c751e8b465ee728b)  -> (artifact id: '5b9d2c5d7c77ca751c8ae0a5aa3d59a8') in 0.031428 seconds 
========================================================================
Received Prepare
Registering precompiled user dll's ...
Registered in 0.004024 seconds.
Begin MonoManager ReloadAssembly
Native extension for WindowsStandalone target not found
Refreshing native plugins compatible for Editor in 0.74 ms, found 1 plugins.
Preloading 0 native plugins for Editor in 0.00 ms.
Mono: successfully reloaded assembly
- Completed reload, in  1.357 seconds
Platform modules already initialized, skipping
Shader 'Universal Render Pipeline/Particles/Lit': fallback shader 'Universal Render Pipeline/Particles/SimpleLit' not found
Shader 'Universal Render Pipeline/Particles/Lit': fallback shader 'Universal Render Pipeline/Particles/SimpleLit' not found
Refreshing native plugins compatible for Editor in 0.88 ms, found 1 plugins.
Preloading 0 native plugins for Editor in 0.00 ms.
Unloading 3930 Unused Serialized files (Serialized files now loaded: 0)
System memory in use before: 241.8 MB.
System memory in use after: 239.2 MB.

Unloading 42 unused Assets to reduce memory usage. Loaded Objects now: 4851.
Total: 3.841700 ms (FindLiveObjects: 0.382600 ms CreateObjectMapping: 0.102100 ms MarkObjects: 2.190500 ms  DeleteObjects: 1.165200 ms)

========================================================================
Received Prepare
Registering precompiled user dll's ...
Registered in 0.003998 seconds.
Begin MonoManager ReloadAssembly
Native extension for WindowsStandalone target not found
Refreshing native plugins compatible for Editor in 0.73 ms, found 1 plugins.
Preloading 0 native plugins for Editor in 0.00 ms.
Mono: successfully reloaded assembly
- Completed reload, in  1.139 seconds
Platform modules already initialized, skipping
Shader 'Universal Render Pipeline/Particles/Lit': fallback shader 'Universal Render Pipeline/Particles/SimpleLit' not found
Shader 'Universal Render Pipeline/Particles/Lit': fallback shader 'Universal Render Pipeline/Particles/SimpleLit' not found
Refreshing native plugins compatible for Editor in 0.73 ms, found 1 plugins.
Preloading 0 native plugins for Editor in 0.00 ms.
Unloading 3920 Unused Serialized files (Serialized files now loaded: 0)
System memory in use before: 241.6 MB.
System memory in use after: 239.0 MB.

Unloading 42 unused Assets to reduce memory usage. Loaded Objects now: 4854.
Total: 4.051600 ms (FindLiveObjects: 0.403100 ms CreateObjectMapping: 0.104200 ms MarkObjects: 2.270400 ms  DeleteObjects: 1.272500 ms)

========================================================================
Received Prepare
Registering precompiled user dll's ...
Registered in 0.003902 seconds.
Begin MonoManager ReloadAssembly
Native extension for WindowsStandalone target not found
Refreshing native plugins compatible for Editor in 0.75 ms, found 1 plugins.
Preloading 0 native plugins for Editor in 0.00 ms.
Mono: successfully reloaded assembly
- Completed reload, in  1.208 seconds
Platform modules already initialized, skipping
Shader 'Universal Render Pipeline/Particles/Lit': fallback shader 'Universal Render Pipeline/Particles/SimpleLit' not found
Shader 'Universal Render Pipeline/Particles/Lit': fallback shader 'Universal Render Pipeline/Particles/SimpleLit' not found
Refreshing native plugins compatible for Editor in 0.78 ms, found 1 plugins.
Preloading 0 native plugins for Editor in 0.00 ms.
Unloading 3920 Unused Serialized files (Serialized files now loaded: 0)
System memory in use before: 241.5 MB.
System memory in use after: 238.9 MB.

Unloading 42 unused Assets to reduce memory usage. Loaded Objects now: 4857.
Total: 4.695500 ms (FindLiveObjects: 0.489500 ms CreateObjectMapping: 0.125800 ms MarkObjects: 2.694500 ms  DeleteObjects: 1.383600 ms)

========================================================================
Received Prepare
Registering precompiled user dll's ...
Registered in 0.004010 seconds.
Begin MonoManager ReloadAssembly
Native extension for WindowsStandalone target not found
Refreshing native plugins compatible for Editor in 0.80 ms, found 1 plugins.
Preloading 0 native plugins for Editor in 0.00 ms.
Mono: successfully reloaded assembly
- Completed reload, in  1.167 seconds
Platform modules already initialized, skipping
Shader 'Universal Render Pipeline/Particles/Lit': fallback shader 'Universal Render Pipeline/Particles/SimpleLit' not found
Shader 'Universal Render Pipeline/Particles/Lit': fallback shader 'Universal Render Pipeline/Particles/SimpleLit' not found
Refreshing native plugins compatible for Editor in 0.78 ms, found 1 plugins.
Preloading 0 native plugins for Editor in 0.00 ms.
Unloading 3920 Unused Serialized files (Serialized files now loaded: 0)
System memory in use before: 241.5 MB.
System memory in use after: 238.9 MB.

Unloading 42 unused Assets to reduce memory usage. Loaded Objects now: 4860.
Total: 4.611900 ms (FindLiveObjects: 0.485000 ms CreateObjectMapping: 0.102200 ms MarkObjects: 2.706500 ms  DeleteObjects: 1.316600 ms)

========================================================================
Received Prepare
Registering precompiled user dll's ...
Registered in 0.003968 seconds.
Begin MonoManager ReloadAssembly
Native extension for WindowsStandalone target not found
Refreshing native plugins compatible for Editor in 0.75 ms, found 1 plugins.
Preloading 0 native plugins for Editor in 0.00 ms.
Mono: successfully reloaded assembly
- Completed reload, in  1.155 seconds
Platform modules already initialized, skipping
Shader 'Universal Render Pipeline/Particles/Lit': fallback shader 'Universal Render Pipeline/Particles/SimpleLit' not found
Shader 'Universal Render Pipeline/Particles/Lit': fallback shader 'Universal Render Pipeline/Particles/SimpleLit' not found
Refreshing native plugins compatible for Editor in 0.86 ms, found 1 plugins.
Preloading 0 native plugins for Editor in 0.00 ms.
Unloading 3920 Unused Serialized files (Serialized files now loaded: 0)
System memory in use before: 241.5 MB.
System memory in use after: 238.9 MB.

Unloading 42 unused Assets to reduce memory usage. Loaded Objects now: 4863.
Total: 4.658300 ms (FindLiveObjects: 0.420700 ms CreateObjectMapping: 0.105300 ms MarkObjects: 2.732500 ms  DeleteObjects: 1.397800 ms)

========================================================================
Received Prepare
Registering precompiled user dll's ...
Registered in 0.003989 seconds.
Begin MonoManager ReloadAssembly
Native extension for WindowsStandalone target not found
Refreshing native plugins compatible for Editor in 0.74 ms, found 1 plugins.
Preloading 0 native plugins for Editor in 0.00 ms.
Mono: successfully reloaded assembly
- Completed reload, in  1.234 seconds
Platform modules already initialized, skipping
Shader 'Universal Render Pipeline/Particles/Lit': fallback shader 'Universal Render Pipeline/Particles/SimpleLit' not found
Shader 'Universal Render Pipeline/Particles/Lit': fallback shader 'Universal Render Pipeline/Particles/SimpleLit' not found
Refreshing native plugins compatible for Editor in 0.73 ms, found 1 plugins.
Preloading 0 native plugins for Editor in 0.00 ms.
Unloading 3920 Unused Serialized files (Serialized files now loaded: 0)
System memory in use before: 241.5 MB.
System memory in use after: 238.9 MB.

Unloading 42 unused Assets to reduce memory usage. Loaded Objects now: 4866.
Total: 4.533000 ms (FindLiveObjects: 0.392000 ms CreateObjectMapping: 0.101600 ms MarkObjects: 2.763600 ms  DeleteObjects: 1.274000 ms)

========================================================================
Received Prepare
Registering precompiled user dll's ...
Registered in 0.003957 seconds.
Begin MonoManager ReloadAssembly
Native extension for WindowsStandalone target not found
Refreshing native plugins compatible for Editor in 0.75 ms, found 1 plugins.
Preloading 0 native plugins for Editor in 0.00 ms.
Mono: successfully reloaded assembly
- Completed reload, in  1.157 seconds
Platform modules already initialized, skipping
Shader 'Universal Render Pipeline/Particles/Lit': fallback shader 'Universal Render Pipeline/Particles/SimpleLit' not found
Shader 'Universal Render Pipeline/Particles/Lit': fallback shader 'Universal Render Pipeline/Particles/SimpleLit' not found
Refreshing native plugins compatible for Editor in 0.79 ms, found 1 plugins.
Preloading 0 native plugins for Editor in 0.00 ms.
Unloading 3920 Unused Serialized files (Serialized files now loaded: 0)
System memory in use before: 241.6 MB.
System memory in use after: 238.9 MB.

Unloading 42 unused Assets to reduce memory usage. Loaded Objects now: 4869.
Total: 4.370100 ms (FindLiveObjects: 0.412900 ms CreateObjectMapping: 0.108100 ms MarkObjects: 2.374300 ms  DeleteObjects: 1.473100 ms)

========================================================================
Received Prepare
Registering precompiled user dll's ...
Registered in 0.004131 seconds.
Begin MonoManager ReloadAssembly
Native extension for WindowsStandalone target not found
Refreshing native plugins compatible for Editor in 0.72 ms, found 1 plugins.
Preloading 0 native plugins for Editor in 0.00 ms.
Mono: successfully reloaded assembly
- Completed reload, in  1.133 seconds
Platform modules already initialized, skipping
Shader 'Universal Render Pipeline/Particles/Lit': fallback shader 'Universal Render Pipeline/Particles/SimpleLit' not found
Shader 'Universal Render Pipeline/Particles/Lit': fallback shader 'Universal Render Pipeline/Particles/SimpleLit' not found
Refreshing native plugins compatible for Editor in 0.73 ms, found 1 plugins.
Preloading 0 native plugins for Editor in 0.00 ms.
Unloading 3920 Unused Serialized files (Serialized files now loaded: 0)
System memory in use before: 241.6 MB.
System memory in use after: 239.0 MB.

Unloading 42 unused Assets to reduce memory usage. Loaded Objects now: 4872.
Total: 4.309700 ms (FindLiveObjects: 0.419200 ms CreateObjectMapping: 0.100500 ms MarkObjects: 2.470500 ms  DeleteObjects: 1.317900 ms)

AssetImportWorkerClient::OnTransportError - code=2 error=End of file
